[www.noq.dev/index.html]
[backblue.gif]
[fade.gif]
[index.html]
[uploads-ssl.webflow.com/62fcf3c65129145a8c4640a0/css/noq-0.webflow.4094ad37a.min.css]
[uploads-ssl.webflow.com/62fcf3c65129145a8c4640a0/63076fb4af7f731d9521fb0a_Group 12808.svg]
[uploads-ssl.webflow.com/62fcf3c65129145a8c4640a0/63076fd5f902d91f11864b43_noq avatar.svg]
[uploads-ssl.webflow.com/62fcf3c65129145a8c4640a0/62fd0356308e3b319819b25a_Group 12384.svg]
[uploads-ssl.webflow.com/62fcf3c65129145a8c4640a0/63078000d4a5654cf4c27960_logo color.svg]
[www.noq.dev/book-a-demo.html]
[www.noq.dev/company.html]
[www.noq.dev/career.html]
[www.noq.dev/blog.html]
[www.noq.dev/get-early-access.html]
[uploads-ssl.webflow.com/62fcf3c65129145a8c4640a0/62fd1a0d52960e7568fdbd97_Frame 12804 (2).svg]
[uploads-ssl.webflow.com/62fcf3c65129145a8c4640a0/62fd1a8373470d5dc3be00d3_Frame 12805.svg]
[uploads-ssl.webflow.com/62fcf3c65129145a8c4640a0/630e7563b5f61ee7fca72deb_piper.webp]
[uploads-ssl.webflow.com/62fcf3c65129145a8c4640a0/630493e8703202ad928b9774_linkedin logo icon 3 (1).svg]
[uploads-ssl.webflow.com/62fcf3c65129145a8c4640a0/630d6b238d845a028e369701_Sunil_James (Bitmoji).webp]
[uploads-ssl.webflow.com/62fcf3c65129145a8c4640a0/6304960accf1142b99af68d3_Frame 12736 (2).svg]
[uploads-ssl.webflow.com/62fcf3c65129145a8c4640a0/62fe041a2bc0494fd780d99e_Group 12274.svg]
[www.noq.dev/contact.html]
[uploads-ssl.webflow.com/62fcf3c65129145a8c4640a0/62fe088a8ee47d0ed2d1c795_linkedin logo icon 3.svg]
[uploads-ssl.webflow.com/62fcf3c65129145a8c4640a0/62fe0840372c50d49734bec1_Frame (8).svg]
[uploads-ssl.webflow.com/62fcf3c65129145a8c4640a0/62fe082db5137f613249eb72_Frame (7).svg]
[uploads-ssl.webflow.com/62fcf3c65129145a8c4640a0/62fe0a3dd2f8c6e69303debe_Frame 12177 (2).svg]
[www.noq.dev/index.html]
[uploads-ssl.webflow.com/62fcf3c65129145a8c4640a0/js/webflow.73965e469.js]
[uploads-ssl.webflow.com/62fcf3c65129145a8c4640a0/62fcf93c5e46ae7a676eda04_Inter Regular.woff2]
[uploads-ssl.webflow.com/62fcf3c65129145a8c4640a0/62fcf95b7b1adc23be4f8029_Plus Jakarta Sans Regular.woff2]
[uploads-ssl.webflow.com/62fcf3c65129145a8c4640a0/62fcfa1179e0c650853b4eb5_OverpassMono-Regular.ttf]
[uploads-ssl.webflow.com/62fcf3c65129145a8c4640a0/62fcfa1132c326a5d9baf9ba_OverpassMono-Bold.ttf]
[uploads-ssl.webflow.com/62fcf3c65129145a8c4640a0/css/noq-0.webflow.4094ad37a.min.css]
[uploads-ssl.webflow.com/62fcf3c65129145a8c4640a0/63076fb4af7f731d9521fb0a_Group 12808.svg]
[uploads-ssl.webflow.com/62fcf3c65129145a8c4640a0/63076fd5f902d91f11864b43_noq avatar.svg]
[uploads-ssl.webflow.com/62fcf3c65129145a8c4640a0/62fd0356308e3b319819b25a_Group 12384.svg]
[uploads-ssl.webflow.com/62fcf3c65129145a8c4640a0/63078000d4a5654cf4c27960_logo color.svg]
[uploads-ssl.webflow.com/62fcf3c65129145a8c4640a0/630ac56f78b484242c79f6dd_6303acc57bacc76eb6e79985_Mask group (1).svg]
[www.noq.dev/book-a-demo.html]
[uploads-ssl.webflow.com/62fcf3c65129145a8c4640a0/62fd04a2544b9771e781f8df_OverpassMono-SemiBold.ttf]
[uploads-ssl.webflow.com/62fcf3c65129145a8c4640a0/630abf87c93c972e25aa063a_6303acc57bacc77acee79982_Frame 12721 (1).svg]
[uploads-ssl.webflow.com/62fcf3c65129145a8c4640a0/630abfaa7ce1c232aedca79b_6303acc57bacc71a5ae79979_Group 12684.svg]
[uploads-ssl.webflow.com/62fcf3c65129145a8c4640a0/630abfaa741fe7758f3472da_6303acc57bacc74e3de79977_Icon.svg]
[uploads-ssl.webflow.com/62fcf3c65129145a8c4640a0/63075ac195aae07733edf2bf_Frame (2).svg]
[uploads-ssl.webflow.com/62fcf3c65129145a8c4640a0/63094e747ed27f0360d3f766_Ellipse 28.webp]
[uploads-ssl.webflow.com/62fcf3c65129145a8c4640a0/630abfd954ad11c2854d2d7f_6303acc57bacc77318e7997d_linkedin logo icon 3.svg]
[uploads-ssl.webflow.com/62fcf3c65129145a8c4640a0/630abfd978b4841aa679bcc7_6303acc57bacc7576ce7997c_Frame.svg]
[uploads-ssl.webflow.com/62fcf3c65129145a8c4640a0/630abfd8d95083af413faefc_6303acc57bacc70f4be7997e_Frame (1).svg]
[uploads-ssl.webflow.com/6303b3b3f66db73e5b92a775/63094f149a88f1ad1a7ed67c_Ellipse 27.png]
[uploads-ssl.webflow.com/6303b3b3f66db73e5b92a775/63094fc1c93c97873f97380d_Ellipse 24.png]
[uploads-ssl.webflow.com/6303b3b3f66db73e5b92a775/63094ffa94ecc4faea251587_Ellipse 25.png]
[uploads-ssl.webflow.com/6303b3b3f66db73e5b92a775/63094f3a9da426eac85cbe72_Ellipse 26.png]
[uploads-ssl.webflow.com/62fcf3c65129145a8c4640a0/630ac025987588a02b8db011_6303acc57bacc7ee70e79980_icon (1).svg]
[www.noq.dev/company.html]
[uploads-ssl.webflow.com/62fcf3c65129145a8c4640a0/62ff9b7eb4351bc1ab987e8f_Frame 12720.svg]
[uploads-ssl.webflow.com/62fcf3c65129145a8c4640a0/62ff9b7eb4351b395b987e90_Frame 12722.svg]
[uploads-ssl.webflow.com/62fcf3c65129145a8c4640a0/62ff9ecc0879650ceddf95d7_Group 12747.svg]
[uploads-ssl.webflow.com/62fcf3c65129145a8c4640a0/62ff9ecca99af50187795f0e_Group 12746.svg]
[uploads-ssl.webflow.com/62fcf3c65129145a8c4640a0/62ff9eccb946fc1eee7a051a_Group 12748.svg]
[www.noq.dev/career.html]
[www.noq.dev/blog/cleaning-up-dead-bodies-in-aws-iam.html]
[uploads-ssl.webflow.com/6303b3b3f66db73e5b92a775/64ecb52def4b561482fabecd_00041-3565625423-blend with background-2.png]
[uploads-ssl.webflow.com/6303b3b3f66db73e5b92a775/64e4c2ad17d8e47080ae482b_63094e747ed27f0360d3f766_Ellipse 28-p-500 (2).webp]
[uploads-ssl.webflow.com/62fcf3c65129145a8c4640a0/630ac4ab24bca4abafff66c6_Frame 12720 (2).svg]
[www.noq.dev/blog/iambic-bridging-the-gap-between-iam-changes-and-version-control.html]
[uploads-ssl.webflow.com/6303b3b3f66db73e5b92a775/64e3da9d0c3acd9a24b3834d__757d6368-3a34-4a33-8456-a3b47647bd052.jpg]
[uploads-ssl.webflow.com/6303b3b3f66db73e5b92a775/64e4c0557ebbe9e948170dcf_StaircaseCloud.jpg]
[uploads-ssl.webflow.com/6303b3b3f66db73e5b92a775/64d525f757970eecc93b2ad4__8cf3587f-4601-4f2e-86a4-c890dda519d9.jpg]
[uploads-ssl.webflow.com/6303b3b3f66db73e5b92a775/6475eb380da4d23ce94e50f3_iambic_logo.png]
[www.noq.dev/blog/tailor-aws-identity-center-sso-permissions-per-account-with-iambic.html]
[uploads-ssl.webflow.com/6303b3b3f66db73e5b92a775/643e9031261e5d40ba2bac73_IAMbic_Logo_Square_v2.png]
[www.noq.dev/blog/introducing-iambic-multi-cloud-iam-as-code.html]
[www.noq.dev/blog76c1.html]
[www.noq.dev/blog.html]
[www.noq.dev/get-early-access.html]
[uploads-ssl.webflow.com/62fcf3c65129145a8c4640a0/62fd0577102c5ac33595ba7a_Arrow 1 (6).svg]
[uploads-ssl.webflow.com/62fcf3c65129145a8c4640a0/6304df4902b160dc89eb50b1_menu (1).svg]
[uploads-ssl.webflow.com/62fcf3c65129145a8c4640a0/62fcfee1e43d3b9cd506c557_Arrow 1 (5).svg]
[uploads-ssl.webflow.com/62fcf3c65129145a8c4640a0/62fd1a0d52960e7568fdbd97_Frame 12804 (2).svg]
[uploads-ssl.webflow.com/62fcf3c65129145a8c4640a0/62fd1a8373470d5dc3be00d3_Frame 12805.svg]
[uploads-ssl.webflow.com/62fcf3c65129145a8c4640a0/62fe0e85dc4f623ed374131f_Group 12656.svg]
[uploads-ssl.webflow.com/62fcf3c65129145a8c4640a0/62fd1b1239e9386b106ff363_Frame 12704 (2).svg]
[uploads-ssl.webflow.com/62fcf3c65129145a8c4640a0/62fd1ae16fc4c05f5dfeb8fe_Group 12734 (1).svg]
[uploads-ssl.webflow.com/62fcf3c65129145a8c4640a0/63075f15fe5e0d456c608d1e_Group 12813 (1).svg]
[uploads-ssl.webflow.com/62fcf3c65129145a8c4640a0/630760011efb1b526848497f_Group 12814 (1).svg]
[uploads-ssl.webflow.com/62fcf3c65129145a8c4640a0/630494a720406a3fdf18c976_Arrow 1 (8).svg]
[uploads-ssl.webflow.com/62fcf3c65129145a8c4640a0/630493e8703202ad928b9774_linkedin logo icon 3 (1).svg]
[uploads-ssl.webflow.com/62fcf3c65129145a8c4640a0/6304960accf1142b99af68d3_Frame 12736 (2).svg]
[uploads-ssl.webflow.com/62fcf3c65129145a8c4640a0/62fe0342d2f8c65629039b16_Arrow 1 (7).svg]
[uploads-ssl.webflow.com/62fcf3c65129145a8c4640a0/62fe041a2bc0494fd780d99e_Group 12274.svg]
[uploads-ssl.webflow.com/62fcf3c65129145a8c4640a0/62fe05574ac85a93253c6b9c_Group 12460.svg]
[uploads-ssl.webflow.com/62fcf3c65129145a8c4640a0/63075a6a943126dc794151fb_Frame 12721 (2).svg]
[www.noq.dev/contact.html]
[uploads-ssl.webflow.com/62fcf3c65129145a8c4640a0/62fe088a8ee47d0ed2d1c795_linkedin logo icon 3.svg]
[uploads-ssl.webflow.com/62fcf3c65129145a8c4640a0/62fe0840372c50d49734bec1_Frame (8).svg]
[uploads-ssl.webflow.com/62fcf3c65129145a8c4640a0/62fe082db5137f613249eb72_Frame (7).svg]
[uploads-ssl.webflow.com/62fcf3c65129145a8c4640a0/62fe0a3dd2f8c6e69303debe_Frame 12177 (2).svg]
[uploads-ssl.webflow.com/62fcf3c65129145a8c4640a0/630ac56f78b484242c79f6dd_6303acc57bacc76eb6e79985_Mask group (1).svg]
[uploads-ssl.webflow.com/62fcf3c65129145a8c4640a0/630abf87c93c972e25aa063a_6303acc57bacc77acee79982_Frame 12721 (1).svg]
[uploads-ssl.webflow.com/62fcf3c65129145a8c4640a0/630abfaa7ce1c232aedca79b_6303acc57bacc71a5ae79979_Group 12684.svg]
[uploads-ssl.webflow.com/62fcf3c65129145a8c4640a0/630abfaa741fe7758f3472da_6303acc57bacc74e3de79977_Icon.svg]
[uploads-ssl.webflow.com/62fcf3c65129145a8c4640a0/63075ac195aae07733edf2bf_Frame (2).svg]
[uploads-ssl.webflow.com/62fcf3c65129145a8c4640a0/630abfd954ad11c2854d2d7f_6303acc57bacc77318e7997d_linkedin logo icon 3.svg]
[uploads-ssl.webflow.com/62fcf3c65129145a8c4640a0/630abfd978b4841aa679bcc7_6303acc57bacc7576ce7997c_Frame.svg]
[uploads-ssl.webflow.com/62fcf3c65129145a8c4640a0/630abfd8d95083af413faefc_6303acc57bacc70f4be7997e_Frame (1).svg]
[uploads-ssl.webflow.com/62fcf3c65129145a8c4640a0/630ac025987588a02b8db011_6303acc57bacc7ee70e79980_icon (1).svg]
[uploads-ssl.webflow.com/62fcf3c65129145a8c4640a0/6304a738355b7f96db564189_Arrow 1 (9).svg]
[uploads-ssl.webflow.com/62fcf3c65129145a8c4640a0/62ff9b7eb4351bc1ab987e8f_Frame 12720.svg]
[uploads-ssl.webflow.com/62fcf3c65129145a8c4640a0/62ff9b7eb4351b395b987e90_Frame 12722.svg]
[uploads-ssl.webflow.com/62fcf3c65129145a8c4640a0/62ff9ecc0879650ceddf95d7_Group 12747.svg]
[uploads-ssl.webflow.com/62fcf3c65129145a8c4640a0/62ff9ecbe3cca300cfadbffe_Group 12460.svg]
[uploads-ssl.webflow.com/62fcf3c65129145a8c4640a0/62ff9eccf4dbe2a4da41e5b3_Group 12744.svg]
[uploads-ssl.webflow.com/62fcf3c65129145a8c4640a0/62ff9ecca99af50187795f0e_Group 12746.svg]
[uploads-ssl.webflow.com/62fcf3c65129145a8c4640a0/62ff9ecbac1ec532c3679fa2_Group 12463.svg]
[uploads-ssl.webflow.com/62fcf3c65129145a8c4640a0/62ff9eccb946fc1eee7a051a_Group 12748.svg]
[uploads-ssl.webflow.com/6303acc57bacc74b0de7993f/6303acc57bacc79664e79976_Vector 32.svg]
[uploads-ssl.webflow.com/62fcf3c65129145a8c4640a0/630759c8706346260226fb15_Frame 12720 (1).svg]
[uploads-ssl.webflow.com/6303b3b3f66db73e5b92a775/64ecb1febf16f4457b59fe29_2023-08-28_07-40.png]
[uploads-ssl.webflow.com/6303b3b3f66db73e5b92a775/64ecafb699955dd93d72cf6a_FNrJihaDkmRh3m9bPXvzSgxJvRsg9-cx7ezYYghgtsDx8VNTE1_xsUQBE4JIOykYfiHkwwOeUIAkcnaFIs2OOeyxq8bovTXwpGt9zxWPjqnbA-1_bAtc4DQe6gR7-6WOJn1pFpPbW_RmW]
[uploads-ssl.webflow.com/6303b3b3f66db73e5b92a775/64ecb2ec22480a3217e1af17_2023-08-28_07-44.png]
[uploads-ssl.webflow.com/6303b3b3f66db73e5b92a775/64ecafe8d94f5d92d7e6ac7a_SVRtrXQ-sLhHpc7273_wWKewX-HeN6GA3xUIYudER9I1Udp8vsI4rBhHf-SgBOw_n35WAtivK1Ymn11vVbevdoWXKq0sOHOv6bkkdPo_g9NgVG1rm54-oq10wV7dTIC4-Qx4ardqrS1c6]
[uploads-ssl.webflow.com/6303b3b3f66db73e5b92a775/64ecb0039ceef1249bbc873f_4HNt_v1ceEkHKCtLszlTfO1TOvaSVL4U2NzlqisVx-qAl91r0wL4OlD1RQ9EuEN4TayOTL5BhEl5LctOfXndRe7NxNlrMCY3WO9LTB6hHr5bZ-wc7d3ARCaY-4n2O_OtR90lyx6nJJHcb]
[uploads-ssl.webflow.com/6303b3b3f66db73e5b92a775/64ecb33dfe71fa96eeab12e7_2023-08-28_07-46.png]
[www.noq.dev/blog/cleaning-up-dead-bodies-in-aws-iam.html]
[uploads-ssl.webflow.com/62fcf3c65129145a8c4640a0/630ac42ff1f8208a4d52c487_Arrow 1 (1).svg]
[uploads-ssl.webflow.com/62fcf3c65129145a8c4640a0/630ac4ab24bca4abafff66c6_Frame 12720 (2).svg]
[www.noq.dev/blog/iambic-bridging-the-gap-between-iam-changes-and-version-control.html]
[www.noq.dev/blog/tailor-aws-identity-center-sso-permissions-per-account-with-iambic.html]
[www.noq.dev/blog/introducing-iambic-multi-cloud-iam-as-code.html]
[uploads-ssl.webflow.com/6303b3b3f66db73e5b92a775/63b9d37be91f660246295142_00021-1806512292-A dream sits_.png]
[uploads-ssl.webflow.com/6303b3b3f66db73e5b92a775/631b9e782e2970359e673e37_Twitter - Profile Photo_Dark@2x.png]
[www.noq.dev/blog/measuring-security-to-improve-productivity-of-iamops-with-noqmeter.html]
[uploads-ssl.webflow.com/6303b3b3f66db73e5b92a775/6397d1eb5541051fa6ae549e_Example.com IAMOps Assessment.png]
[uploads-ssl.webflow.com/6303b3b3f66db73e5b92a775/6387ebb7303d076c585e0ff6_ai-complexity.png]
[uploads-ssl.webflow.com/6303b3b3f66db73e5b92a775/63094f732bf613df94a3c41a_Ellipse 22.png]
[www.noq.dev/blog/when-your-cloud-becomes-too-complex-to-trust.html]
[uploads-ssl.webflow.com/6303b3b3f66db73e5b92a775/631fc65fa90fe5cddc311428_Frame 45.png]
[www.noq.dev/blog76c1.html]
[uploads-ssl.webflow.com/6303acc57bacc74b0de7993f/6303acc57bacc768b1e7994a_Arrow 1 (5).svg]
[uploads-ssl.webflow.com/62fcf3c65129145a8c4640a0/63075a6a943126dc794151fb_Frame 12721 (2).svg]
[uploads-ssl.webflow.com/62fcf3c65129145a8c4640a0/630759c8706346260226fb15_Frame 12720 (1).svg]
[uploads-ssl.webflow.com/6303acc57bacc74b0de7993f/6303acc57bacc73fe2e79986_Arrow 1.svg]
[www.noq.dev/blog/measuring-security-to-improve-productivity-of-iamops-with-noqmeter.html]
[www.noq.dev/blog/when-your-cloud-becomes-too-complex-to-trust.html]
[www.noq.dev/privacy-policy]
[www.noq.dev/terms-and-conditions]
[www.noq.dev/blog/iambic-and-terraform-collaborators-not-competitors]
[www.noq.dev/blog/the-hidden-danger-of-github-oidc-and-how-to-protect-your-aws-roles]
[www.noq.dev/blog/iambic-featured-on-beabetterdevs-youtube-channel]
[www.noq.dev/blog/scps-protecting-your-aws-environment-and-your-job]
[www.noq.dev/blog/aws-permission-bouncers-letting-loose-in-dev-keeping-it-tight-in-prod]
[www.noq.dev/blog/happy-new-year-from-noq]
[www.noq.dev/blog/paving-a-path-to-least-privilege-with-iamops]
[www.noq.dev/blog8b89]
